  main.cpp
D:\vs 2022 projects\project\project\o.h(60,25): warning C4244: 'argument': conversion from 'int' to 'float', possible loss of data
D:\vs 2022 projects\project\project\o.h(60,21): warning C4244: 'argument': conversion from 'int' to 'float', possible loss of data
D:\vs 2022 projects\project\project\o.h(62,28): warning C4244: 'argument': conversion from 'int' to 'float', possible loss of data
D:\vs 2022 projects\project\project\o.h(62,23): warning C4244: 'argument': conversion from 'int' to 'float', possible loss of data
D:\vs 2022 projects\project\project\o.h(64,27): warning C4244: 'argument': conversion from 'int' to 'float', possible loss of data
D:\vs 2022 projects\project\project\o.h(64,21): warning C4244: 'argument': conversion from 'int' to 'float', possible loss of data
D:\vs 2022 projects\project\project\o.h(66,30): warning C4244: 'argument': conversion from 'int' to 'float', possible loss of data
D:\vs 2022 projects\project\project\o.h(66,23): warning C4244: 'argument': conversion from 'int' to 'float', possible loss of data
D:\vs 2022 projects\project\project\well.h(53,38): warning C4244: 'argument': conversion from 'int' to 'float', possible loss of data
D:\vs 2022 projects\project\project\well.h(53,24): warning C4244: 'argument': conversion from 'int' to 'float', possible loss of data
D:\vs 2022 projects\project\project\well.h(59,39): warning C4244: 'argument': conversion from 'int' to 'float', possible loss of data
D:\vs 2022 projects\project\project\well.h(59,24): warning C4244: 'argument': conversion from 'int' to 'float', possible loss of data
D:\vs 2022 projects\project\project\well.h(65,39): warning C4244: 'argument': conversion from 'int' to 'float', possible loss of data
D:\vs 2022 projects\project\project\well.h(65,24): warning C4244: 'argument': conversion from 'int' to 'float', possible loss of data
D:\vs 2022 projects\project\project\well.h(71,39): warning C4244: 'argument': conversion from 'int' to 'float', possible loss of data
D:\vs 2022 projects\project\project\well.h(71,24): warning C4244: 'argument': conversion from 'int' to 'float', possible loss of data
D:\vs 2022 projects\project\project\well.h(77,39): warning C4244: 'argument': conversion from 'int' to 'float', possible loss of data
D:\vs 2022 projects\project\project\well.h(77,24): warning C4244: 'argument': conversion from 'int' to 'float', possible loss of data
D:\vs 2022 projects\project\project\well.h(83,39): warning C4244: 'argument': conversion from 'int' to 'float', possible loss of data
D:\vs 2022 projects\project\project\well.h(83,24): warning C4244: 'argument': conversion from 'int' to 'float', possible loss of data
D:\vs 2022 projects\project\project\well.h(89,39): warning C4244: 'argument': conversion from 'int' to 'float', possible loss of data
D:\vs 2022 projects\project\project\well.h(89,24): warning C4244: 'argument': conversion from 'int' to 'float', possible loss of data
D:\vs 2022 projects\project\project\well.h(95,39): warning C4244: 'argument': conversion from 'int' to 'float', possible loss of data
D:\vs 2022 projects\project\project\well.h(95,24): warning C4244: 'argument': conversion from 'int' to 'float', possible loss of data
D:\vs 2022 projects\project\project\I.h(63,26): warning C4244: 'argument': conversion from 'int' to 'float', possible loss of data
D:\vs 2022 projects\project\project\I.h(63,22): warning C4244: 'argument': conversion from 'int' to 'float', possible loss of data
D:\vs 2022 projects\project\project\I.h(65,29): warning C4244: 'argument': conversion from 'int' to 'float', possible loss of data
D:\vs 2022 projects\project\project\I.h(65,22): warning C4244: 'argument': conversion from 'int' to 'float', possible loss of data
D:\vs 2022 projects\project\project\I.h(67,29): warning C4244: 'argument': conversion from 'int' to 'float', possible loss of data
D:\vs 2022 projects\project\project\I.h(67,22): warning C4244: 'argument': conversion from 'int' to 'float', possible loss of data
D:\vs 2022 projects\project\project\I.h(69,29): warning C4244: 'argument': conversion from 'int' to 'float', possible loss of data
D:\vs 2022 projects\project\project\I.h(69,22): warning C4244: 'argument': conversion from 'int' to 'float', possible loss of data
D:\vs 2022 projects\project\project\I.h(74,26): warning C4244: 'argument': conversion from 'int' to 'float', possible loss of data
D:\vs 2022 projects\project\project\I.h(74,22): warning C4244: 'argument': conversion from 'int' to 'float', possible loss of data
D:\vs 2022 projects\project\project\I.h(76,29): warning C4244: 'argument': conversion from 'int' to 'float', possible loss of data
D:\vs 2022 projects\project\project\I.h(76,24): warning C4244: 'argument': conversion from 'int' to 'float', possible loss of data
D:\vs 2022 projects\project\project\I.h(78,29): warning C4244: 'argument': conversion from 'int' to 'float', possible loss of data
D:\vs 2022 projects\project\project\I.h(78,24): warning C4244: 'argument': conversion from 'int' to 'float', possible loss of data
D:\vs 2022 projects\project\project\I.h(80,29): warning C4244: 'argument': conversion from 'int' to 'float', possible loss of data
D:\vs 2022 projects\project\project\I.h(80,24): warning C4244: 'argument': conversion from 'int' to 'float', possible loss of data
D:\vs 2022 projects\project\project\I.h(85,26): warning C4244: 'argument': conversion from 'int' to 'float', possible loss of data
D:\vs 2022 projects\project\project\I.h(85,22): warning C4244: 'argument': conversion from 'int' to 'float', possible loss of data
D:\vs 2022 projects\project\project\I.h(87,29): warning C4244: 'argument': conversion from 'int' to 'float', possible loss of data
D:\vs 2022 projects\project\project\I.h(87,22): warning C4244: 'argument': conversion from 'int' to 'float', possible loss of data
D:\vs 2022 projects\project\project\I.h(89,29): warning C4244: 'argument': conversion from 'int' to 'float', possible loss of data
D:\vs 2022 projects\project\project\I.h(89,22): warning C4244: 'argument': conversion from 'int' to 'float', possible loss of data
D:\vs 2022 projects\project\project\I.h(91,29): warning C4244: 'argument': conversion from 'int' to 'float', possible loss of data
D:\vs 2022 projects\project\project\I.h(91,22): warning C4244: 'argument': conversion from 'int' to 'float', possible loss of data
D:\vs 2022 projects\project\project\I.h(97,26): warning C4244: 'argument': conversion from 'int' to 'float', possible loss of data
D:\vs 2022 projects\project\project\I.h(97,22): warning C4244: 'argument': conversion from 'int' to 'float', possible loss of data
D:\vs 2022 projects\project\project\I.h(99,31): warning C4244: 'argument': conversion from 'int' to 'float', possible loss of data
D:\vs 2022 projects\project\project\I.h(99,25): warning C4244: 'argument': conversion from 'int' to 'float', possible loss of data
D:\vs 2022 projects\project\project\I.h(101,31): warning C4244: 'argument': conversion from 'int' to 'float', possible loss of data
D:\vs 2022 projects\project\project\I.h(101,25): warning C4244: 'argument': conversion from 'int' to 'float', possible loss of data
D:\vs 2022 projects\project\project\I.h(103,31): warning C4244: 'argument': conversion from 'int' to 'float', possible loss of data
D:\vs 2022 projects\project\project\I.h(103,25): warning C4244: 'argument': conversion from 'int' to 'float', possible loss of data
D:\vs 2022 projects\project\project\L.h(63,26): warning C4244: 'argument': conversion from 'int' to 'float', possible loss of data
D:\vs 2022 projects\project\project\L.h(63,22): warning C4244: 'argument': conversion from 'int' to 'float', possible loss of data
D:\vs 2022 projects\project\project\L.h(65,29): warning C4244: 'argument': conversion from 'int' to 'float', possible loss of data
D:\vs 2022 projects\project\project\L.h(65,22): warning C4244: 'argument': conversion from 'int' to 'float', possible loss of data
D:\vs 2022 projects\project\project\L.h(67,29): warning C4244: 'argument': conversion from 'int' to 'float', possible loss of data
D:\vs 2022 projects\project\project\L.h(67,22): warning C4244: 'argument': conversion from 'int' to 'float', possible loss of data
D:\vs 2022 projects\project\project\L.h(69,32): warning C4244: 'argument': conversion from 'int' to 'float', possible loss of data
D:\vs 2022 projects\project\project\L.h(69,24): warning C4244: 'argument': conversion from 'int' to 'float', possible loss of data
D:\vs 2022 projects\project\project\L.h(74,26): warning C4244: 'argument': conversion from 'int' to 'float', possible loss of data
D:\vs 2022 projects\project\project\L.h(74,22): warning C4244: 'argument': conversion from 'int' to 'float', possible loss of data
D:\vs 2022 projects\project\project\L.h(76,31): warning C4244: 'argument': conversion from 'int' to 'float', possible loss of data
D:\vs 2022 projects\project\project\L.h(76,25): warning C4244: 'argument': conversion from 'int' to 'float', possible loss of data
D:\vs 2022 projects\project\project\L.h(78,31): warning C4244: 'argument': conversion from 'int' to 'float', possible loss of data
D:\vs 2022 projects\project\project\L.h(78,25): warning C4244: 'argument': conversion from 'int' to 'float', possible loss of data
D:\vs 2022 projects\project\project\L.h(80,29): warning C4244: 'argument': conversion from 'int' to 'float', possible loss of data
D:\vs 2022 projects\project\project\L.h(80,22): warning C4244: 'argument': conversion from 'int' to 'float', possible loss of data
D:\vs 2022 projects\project\project\L.h(85,26): warning C4244: 'argument': conversion from 'int' to 'float', possible loss of data
D:\vs 2022 projects\project\project\L.h(85,22): warning C4244: 'argument': conversion from 'int' to 'float', possible loss of data
D:\vs 2022 projects\project\project\L.h(87,29): warning C4244: 'argument': conversion from 'int' to 'float', possible loss of data
D:\vs 2022 projects\project\project\L.h(87,24): warning C4244: 'argument': conversion from 'int' to 'float', possible loss of data
D:\vs 2022 projects\project\project\L.h(89,32): warning C4244: 'argument': conversion from 'int' to 'float', possible loss of data
D:\vs 2022 projects\project\project\L.h(89,24): warning C4244: 'argument': conversion from 'int' to 'float', possible loss of data
D:\vs 2022 projects\project\project\L.h(91,32): warning C4244: 'argument': conversion from 'int' to 'float', possible loss of data
D:\vs 2022 projects\project\project\L.h(91,24): warning C4244: 'argument': conversion from 'int' to 'float', possible loss of data
D:\vs 2022 projects\project\project\L.h(97,31): warning C4244: 'argument': conversion from 'int' to 'float', possible loss of data
D:\vs 2022 projects\project\project\L.h(97,25): warning C4244: 'argument': conversion from 'int' to 'float', possible loss of data
D:\vs 2022 projects\project\project\L.h(99,28): warning C4244: 'argument': conversion from 'int' to 'float', possible loss of data
D:\vs 2022 projects\project\project\L.h(99,22): warning C4244: 'argument': conversion from 'int' to 'float', possible loss of data
D:\vs 2022 projects\project\project\L.h(101,31): warning C4244: 'argument': conversion from 'int' to 'float', possible loss of data
D:\vs 2022 projects\project\project\L.h(101,24): warning C4244: 'argument': conversion from 'int' to 'float', possible loss of data
D:\vs 2022 projects\project\project\L.h(103,33): warning C4244: 'argument': conversion from 'int' to 'float', possible loss of data
D:\vs 2022 projects\project\project\L.h(103,25): warning C4244: 'argument': conversion from 'int' to 'float', possible loss of data
D:\vs 2022 projects\project\project\J.h(63,29): warning C4244: 'argument': conversion from 'int' to 'float', possible loss of data
D:\vs 2022 projects\project\project\J.h(63,24): warning C4244: 'argument': conversion from 'int' to 'float', possible loss of data
D:\vs 2022 projects\project\project\J.h(65,32): warning C4244: 'argument': conversion from 'int' to 'float', possible loss of data
D:\vs 2022 projects\project\project\J.h(65,24): warning C4244: 'argument': conversion from 'int' to 'float', possible loss of data
D:\vs 2022 projects\project\project\J.h(67,32): warning C4244: 'argument': conversion from 'int' to 'float', possible loss of data
D:\vs 2022 projects\project\project\J.h(67,24): warning C4244: 'argument': conversion from 'int' to 'float', possible loss of data
D:\vs 2022 projects\project\project\J.h(69,30): warning C4244: 'argument': conversion from 'int' to 'float', possible loss of data
D:\vs 2022 projects\project\project\J.h(69,22): warning C4244: 'argument': conversion from 'int' to 'float', possible loss of data
D:\vs 2022 projects\project\project\J.h(74,26): warning C4244: 'argument': conversion from 'int' to 'float', possible loss of data
D:\vs 2022 projects\project\project\J.h(74,22): warning C4244: 'argument': conversion from 'int' to 'float', possible loss of data
D:\vs 2022 projects\project\project\J.h(76,28): warning C4244: 'argument': conversion from 'int' to 'float', possible loss of data
D:\vs 2022 projects\project\project\J.h(76,22): warning C4244: 'argument': conversion from 'int' to 'float', possible loss of data
D:\vs 2022 projects\project\project\J.h(78,33): warning C4244: 'argument': conversion from 'int' to 'float', possible loss of data
D:\vs 2022 projects\project\project\J.h(78,25): warning C4244: 'argument': conversion from 'int' to 'float', possible loss of data
D:\vs 2022 projects\project\project\J.h(80,32): warning C4244: 'argument': conversion from 'int' to 'float', possible loss of data
D:\vs 2022 projects\project\project\J.h(80,24): warning C4244: 'argument': conversion from 'int' to 'float', possible loss of data
D:\vs 2022 projects\project\project\J.h(85,26): warning C4244: 'argument': conversion from 'int' to 'float', possible loss of data
D:\vs 2022 projects\project\project\J.h(85,22): warning C4244: 'argument': conversion from 'int' to 'float', possible loss of data
D:\vs 2022 projects\project\project\J.h(87,31): warning C4244: 'argument': conversion from 'int' to 'float', possible loss of data
D:\vs 2022 projects\project\project\J.h(87,25): warning C4244: 'argument': conversion from 'int' to 'float', possible loss of data
D:\vs 2022 projects\project\project\J.h(89,29): warning C4244: 'argument': conversion from 'int' to 'float', possible loss of data
D:\vs 2022 projects\project\project\J.h(89,22): warning C4244: 'argument': conversion from 'int' to 'float', possible loss of data
D:\vs 2022 projects\project\project\J.h(91,30): warning C4244: 'argument': conversion from 'int' to 'float', possible loss of data
D:\vs 2022 projects\project\project\J.h(91,22): warning C4244: 'argument': conversion from 'int' to 'float', possible loss of data
D:\vs 2022 projects\project\project\J.h(97,27): warning C4244: 'argument': conversion from 'int' to 'float', possible loss of data
D:\vs 2022 projects\project\project\J.h(97,22): warning C4244: 'argument': conversion from 'int' to 'float', possible loss of data
D:\vs 2022 projects\project\project\J.h(99,29): warning C4244: 'argument': conversion from 'int' to 'float', possible loss of data
D:\vs 2022 projects\project\project\J.h(99,24): warning C4244: 'argument': conversion from 'int' to 'float', possible loss of data
D:\vs 2022 projects\project\project\J.h(101,31): warning C4244: 'argument': conversion from 'int' to 'float', possible loss of data
D:\vs 2022 projects\project\project\J.h(101,25): warning C4244: 'argument': conversion from 'int' to 'float', possible loss of data
D:\vs 2022 projects\project\project\J.h(103,34): warning C4244: 'argument': conversion from 'int' to 'float', possible loss of data
D:\vs 2022 projects\project\project\J.h(103,25): warning C4244: 'argument': conversion from 'int' to 'float', possible loss of data
D:\vs 2022 projects\project\project\T.h(63,26): warning C4244: 'argument': conversion from 'int' to 'float', possible loss of data
D:\vs 2022 projects\project\project\T.h(63,22): warning C4244: 'argument': conversion from 'int' to 'float', possible loss of data
D:\vs 2022 projects\project\project\T.h(65,29): warning C4244: 'argument': conversion from 'int' to 'float', possible loss of data
D:\vs 2022 projects\project\project\T.h(65,24): warning C4244: 'argument': conversion from 'int' to 'float', possible loss of data
D:\vs 2022 projects\project\project\T.h(67,29): warning C4244: 'argument': conversion from 'int' to 'float', possible loss of data
D:\vs 2022 projects\project\project\T.h(67,24): warning C4244: 'argument': conversion from 'int' to 'float', possible loss of data
D:\vs 2022 projects\project\project\T.h(69,34): warning C4244: 'argument': conversion from 'int' to 'float', possible loss of data
D:\vs 2022 projects\project\project\T.h(69,25): warning C4244: 'argument': conversion from 'int' to 'float', possible loss of data
D:\vs 2022 projects\project\project\T.h(74,29): warning C4244: 'argument': conversion from 'int' to 'float', possible loss of data
D:\vs 2022 projects\project\project\T.h(74,24): warning C4244: 'argument': conversion from 'int' to 'float', possible loss of data
D:\vs 2022 projects\project\project\T.h(76,33): warning C4244: 'argument': conversion from 'int' to 'float', possible loss of data
D:\vs 2022 projects\project\project\T.h(76,25): warning C4244: 'argument': conversion from 'int' to 'float', possible loss of data
D:\vs 2022 projects\project\project\T.h(78,33): warning C4244: 'argument': conversion from 'int' to 'float', possible loss of data
D:\vs 2022 projects\project\project\T.h(78,25): warning C4244: 'argument': conversion from 'int' to 'float', possible loss of data
D:\vs 2022 projects\project\project\T.h(80,29): warning C4244: 'argument': conversion from 'int' to 'float', possible loss of data
D:\vs 2022 projects\project\project\T.h(80,22): warning C4244: 'argument': conversion from 'int' to 'float', possible loss of data
D:\vs 2022 projects\project\project\T.h(85,29): warning C4244: 'argument': conversion from 'int' to 'float', possible loss of data
D:\vs 2022 projects\project\project\T.h(85,24): warning C4244: 'argument': conversion from 'int' to 'float', possible loss of data
D:\vs 2022 projects\project\project\T.h(87,29): warning C4244: 'argument': conversion from 'int' to 'float', possible loss of data
D:\vs 2022 projects\project\project\T.h(87,22): warning C4244: 'argument': conversion from 'int' to 'float', possible loss of data
D:\vs 2022 projects\project\project\T.h(89,34): warning C4244: 'argument': conversion from 'int' to 'float', possible loss of data
D:\vs 2022 projects\project\project\T.h(89,25): warning C4244: 'argument': conversion from 'int' to 'float', possible loss of data
D:\vs 2022 projects\project\project\T.h(91,34): warning C4244: 'argument': conversion from 'int' to 'float', possible loss of data
D:\vs 2022 projects\project\project\T.h(91,25): warning C4244: 'argument': conversion from 'int' to 'float', possible loss of data
D:\vs 2022 projects\project\project\T.h(97,27): warning C4244: 'argument': conversion from 'int' to 'float', possible loss of data
D:\vs 2022 projects\project\project\T.h(97,22): warning C4244: 'argument': conversion from 'int' to 'float', possible loss of data
D:\vs 2022 projects\project\project\T.h(99,29): warning C4244: 'argument': conversion from 'int' to 'float', possible loss of data
D:\vs 2022 projects\project\project\T.h(99,22): warning C4244: 'argument': conversion from 'int' to 'float', possible loss of data
D:\vs 2022 projects\project\project\T.h(101,30): warning C4244: 'argument': conversion from 'int' to 'float', possible loss of data
D:\vs 2022 projects\project\project\T.h(101,22): warning C4244: 'argument': conversion from 'int' to 'float', possible loss of data
D:\vs 2022 projects\project\project\T.h(103,34): warning C4244: 'argument': conversion from 'int' to 'float', possible loss of data
D:\vs 2022 projects\project\project\T.h(103,25): warning C4244: 'argument': conversion from 'int' to 'float', possible loss of data
D:\vs 2022 projects\project\project\S.h(64,28): warning C4244: 'argument': conversion from 'int' to 'float', possible loss of data
D:\vs 2022 projects\project\project\S.h(64,22): warning C4244: 'argument': conversion from 'int' to 'float', possible loss of data
D:\vs 2022 projects\project\project\S.h(66,31): warning C4244: 'argument': conversion from 'int' to 'float', possible loss of data
D:\vs 2022 projects\project\project\S.h(66,25): warning C4244: 'argument': conversion from 'int' to 'float', possible loss of data
D:\vs 2022 projects\project\project\S.h(68,31): warning C4244: 'argument': conversion from 'int' to 'float', possible loss of data
D:\vs 2022 projects\project\project\S.h(68,25): warning C4244: 'argument': conversion from 'int' to 'float', possible loss of data
D:\vs 2022 projects\project\project\S.h(70,34): warning C4244: 'argument': conversion from 'int' to 'float', possible loss of data
D:\vs 2022 projects\project\project\S.h(70,25): warning C4244: 'argument': conversion from 'int' to 'float', possible loss of data
D:\vs 2022 projects\project\project\S.h(75,27): warning C4244: 'argument': conversion from 'int' to 'float', possible loss of data
D:\vs 2022 projects\project\project\S.h(75,22): warning C4244: 'argument': conversion from 'int' to 'float', possible loss of data
D:\vs 2022 projects\project\project\S.h(77,34): warning C4244: 'argument': conversion from 'int' to 'float', possible loss of data
D:\vs 2022 projects\project\project\S.h(77,25): warning C4244: 'argument': conversion from 'int' to 'float', possible loss of data
D:\vs 2022 projects\project\project\S.h(79,34): warning C4244: 'argument': conversion from 'int' to 'float', possible loss of data
D:\vs 2022 projects\project\project\S.h(79,25): warning C4244: 'argument': conversion from 'int' to 'float', possible loss of data
D:\vs 2022 projects\project\project\S.h(81,29): warning C4244: 'argument': conversion from 'int' to 'float', possible loss of data
D:\vs 2022 projects\project\project\S.h(81,22): warning C4244: 'argument': conversion from 'int' to 'float', possible loss of data
D:\vs 2022 projects\project\project\S.h(86,29): warning C4244: 'argument': conversion from 'int' to 'float', possible loss of data
D:\vs 2022 projects\project\project\S.h(86,22): warning C4244: 'argument': conversion from 'int' to 'float', possible loss of data
D:\vs 2022 projects\project\project\S.h(88,31): warning C4244: 'argument': conversion from 'int' to 'float', possible loss of data
D:\vs 2022 projects\project\project\S.h(88,25): warning C4244: 'argument': conversion from 'int' to 'float', possible loss of data
D:\vs 2022 projects\project\project\S.h(90,31): warning C4244: 'argument': conversion from 'int' to 'float', possible loss of data
D:\vs 2022 projects\project\project\S.h(90,25): warning C4244: 'argument': conversion from 'int' to 'float', possible loss of data
D:\vs 2022 projects\project\project\S.h(92,34): warning C4244: 'argument': conversion from 'int' to 'float', possible loss of data
D:\vs 2022 projects\project\project\S.h(92,25): warning C4244: 'argument': conversion from 'int' to 'float', possible loss of data
D:\vs 2022 projects\project\project\S.h(98,26): warning C4244: 'argument': conversion from 'int' to 'float', possible loss of data
D:\vs 2022 projects\project\project\S.h(98,22): warning C4244: 'argument': conversion from 'int' to 'float', possible loss of data
D:\vs 2022 projects\project\project\S.h(100,34): warning C4244: 'argument': conversion from 'int' to 'float', possible loss of data
D:\vs 2022 projects\project\project\S.h(100,25): warning C4244: 'argument': conversion from 'int' to 'float', possible loss of data
D:\vs 2022 projects\project\project\S.h(102,34): warning C4244: 'argument': conversion from 'int' to 'float', possible loss of data
D:\vs 2022 projects\project\project\S.h(102,25): warning C4244: 'argument': conversion from 'int' to 'float', possible loss of data
D:\vs 2022 projects\project\project\S.h(104,29): warning C4244: 'argument': conversion from 'int' to 'float', possible loss of data
D:\vs 2022 projects\project\project\S.h(104,22): warning C4244: 'argument': conversion from 'int' to 'float', possible loss of data
D:\vs 2022 projects\project\project\Z.h(64,26): warning C4244: 'argument': conversion from 'int' to 'float', possible loss of data
D:\vs 2022 projects\project\project\Z.h(64,22): warning C4244: 'argument': conversion from 'int' to 'float', possible loss of data
D:\vs 2022 projects\project\project\Z.h(66,31): warning C4244: 'argument': conversion from 'int' to 'float', possible loss of data
D:\vs 2022 projects\project\project\Z.h(66,25): warning C4244: 'argument': conversion from 'int' to 'float', possible loss of data
D:\vs 2022 projects\project\project\Z.h(68,32): warning C4244: 'argument': conversion from 'int' to 'float', possible loss of data
D:\vs 2022 projects\project\project\Z.h(68,24): warning C4244: 'argument': conversion from 'int' to 'float', possible loss of data
D:\vs 2022 projects\project\project\Z.h(70,34): warning C4244: 'argument': conversion from 'int' to 'float', possible loss of data
D:\vs 2022 projects\project\project\Z.h(70,25): warning C4244: 'argument': conversion from 'int' to 'float', possible loss of data
D:\vs 2022 projects\project\project\Z.h(75,29): warning C4244: 'argument': conversion from 'int' to 'float', possible loss of data
D:\vs 2022 projects\project\project\Z.h(75,24): warning C4244: 'argument': conversion from 'int' to 'float', possible loss of data
D:\vs 2022 projects\project\project\Z.h(77,34): warning C4244: 'argument': conversion from 'int' to 'float', possible loss of data
D:\vs 2022 projects\project\project\Z.h(77,25): warning C4244: 'argument': conversion from 'int' to 'float', possible loss of data
D:\vs 2022 projects\project\project\Z.h(79,30): warning C4244: 'argument': conversion from 'int' to 'float', possible loss of data
D:\vs 2022 projects\project\project\Z.h(79,22): warning C4244: 'argument': conversion from 'int' to 'float', possible loss of data
D:\vs 2022 projects\project\project\Z.h(81,29): warning C4244: 'argument': conversion from 'int' to 'float', possible loss of data
D:\vs 2022 projects\project\project\Z.h(81,22): warning C4244: 'argument': conversion from 'int' to 'float', possible loss of data
D:\vs 2022 projects\project\project\Z.h(86,26): warning C4244: 'argument': conversion from 'int' to 'float', possible loss of data
D:\vs 2022 projects\project\project\Z.h(86,22): warning C4244: 'argument': conversion from 'int' to 'float', possible loss of data
D:\vs 2022 projects\project\project\Z.h(88,31): warning C4244: 'argument': conversion from 'int' to 'float', possible loss of data
D:\vs 2022 projects\project\project\Z.h(88,25): warning C4244: 'argument': conversion from 'int' to 'float', possible loss of data
D:\vs 2022 projects\project\project\Z.h(90,34): warning C4244: 'argument': conversion from 'int' to 'float', possible loss of data
D:\vs 2022 projects\project\project\Z.h(90,25): warning C4244: 'argument': conversion from 'int' to 'float', possible loss of data
D:\vs 2022 projects\project\project\Z.h(92,34): warning C4244: 'argument': conversion from 'int' to 'float', possible loss of data
D:\vs 2022 projects\project\project\Z.h(92,25): warning C4244: 'argument': conversion from 'int' to 'float', possible loss of data
D:\vs 2022 projects\project\project\Z.h(97,31): warning C4244: 'argument': conversion from 'int' to 'float', possible loss of data
D:\vs 2022 projects\project\project\Z.h(97,25): warning C4244: 'argument': conversion from 'int' to 'float', possible loss of data
D:\vs 2022 projects\project\project\Z.h(99,34): warning C4244: 'argument': conversion from 'int' to 'float', possible loss of data
D:\vs 2022 projects\project\project\Z.h(99,25): warning C4244: 'argument': conversion from 'int' to 'float', possible loss of data
D:\vs 2022 projects\project\project\Z.h(101,29): warning C4244: 'argument': conversion from 'int' to 'float', possible loss of data
D:\vs 2022 projects\project\project\Z.h(101,22): warning C4244: 'argument': conversion from 'int' to 'float', possible loss of data
D:\vs 2022 projects\project\project\Z.h(103,29): warning C4244: 'argument': conversion from 'int' to 'float', possible loss of data
D:\vs 2022 projects\project\project\Z.h(103,22): warning C4244: 'argument': conversion from 'int' to 'float', possible loss of data
D:\vs 2022 projects\project\project\Game.h(22,19): warning C4244: 'argument': conversion from 'time_t' to 'unsigned int', possible loss of data
D:\vs 2022 projects\project\project\I.h(234): warning C4715: 'i::rotate': not all control paths return a value
D:\vs 2022 projects\project\project\L.h(234): warning C4715: 'l::rotate': not all control paths return a value
D:\vs 2022 projects\project\project\J.h(234): warning C4715: 'j::rotate': not all control paths return a value
D:\vs 2022 projects\project\project\T.h(234): warning C4715: 't::rotate': not all control paths return a value
D:\vs 2022 projects\project\project\S.h(235): warning C4715: 's::rotate': not all control paths return a value
D:\vs 2022 projects\project\project\Z.h(234): warning C4715: 'z::rotate': not all control paths return a value
  project.vcxproj -> D:\vs 2022 projects\project\x64\Debug\project.exe
